<?xml version="1.0" encoding="UTF-8"?>
<testng-results skipped="0" failed="0" ignored="0" total="2" passed="2">
  <reporter-output>
  </reporter-output>
  <suite name="Default suite" duration-ms="9181" started-at="2017-05-24T12:36:49Z" finished-at="2017-05-24T12:36:59Z">
    <groups>
    </groups>
    <test name="Default test" duration-ms="9181" started-at="2017-05-24T12:36:49Z" finished-at="2017-05-24T12:36:59Z">
      <class name="rozetka.TestRozetka">
        <test-method status="PASS" signature="before()[pri:0, instance:rozetka.TestRozetka@73ad2d6]" name="before" is-config="true" duration-ms="4135" started-at="2017-05-24T15:36:49Z" finished-at="2017-05-24T15:36:53Z">
          <reporter-output>
          </reporter-output>
        </test-method> <!-- before -->
        <test-method status="PASS" signature="testHomePage()[pri:0, instance:rozetka.TestRozetka@73ad2d6]" name="testHomePage" duration-ms="2594" started-at="2017-05-24T15:36:53Z" finished-at="2017-05-24T15:36:56Z">
          <reporter-output>
          </reporter-output>
        </test-method> <!-- testHomePage -->
        <test-method status="PASS" signature="testSearch()[pri:0, instance:rozetka.TestRozetka@73ad2d6]" name="testSearch" duration-ms="2434" started-at="2017-05-24T15:36:56Z" finished-at="2017-05-24T15:36:59Z">
          <reporter-output>
          </reporter-output>
        </test-method> <!-- testSearch -->
        <test-method status="PASS" signature="exitBrowser()[pri:0, instance:rozetka.TestRozetka@73ad2d6]" name="exitBrowser" is-config="true" duration-ms="0" started-at="2017-05-24T15:36:59Z" finished-at="2017-05-24T15:36:59Z">
          <reporter-output>
          </reporter-output>
        </test-method> <!-- exitBrowser -->
      </class> <!-- rozetka.TestRozetka -->
    </test> <!-- Default test -->
  </suite> <!-- Default suite -->
</testng-results>
